
Lmod is automatically replacing "gcc-native/12.3" with "gcc/11.2.0".


Inactive Modules:
  1) cray-libsci/23.12.5

The following have been reloaded with a version change:
  1) cray-mpich/8.1.28 => cray-mpich/8.1.25
  2) cudatoolkit/12.2 => cudatoolkit/11.7

nid[002649,002916,002941,003060]
2024-09-10 09:38:26,264 INFO Initialized rank 15 out of 16
2024-09-10 09:38:26,264 INFO Initialized rank 4 out of 16
2024-09-10 09:38:26,264 INFO Initialized rank 5 out of 16
2024-09-10 09:38:26,264 INFO Initialized rank 12 out of 16
2024-09-10 09:38:26,264 INFO Initialized rank 11 out of 16
2024-09-10 09:38:26,264 INFO Initialized rank 0 out of 16
2024-09-10 09:38:26,264 INFO Initialized rank 6 out of 16
2024-09-10 09:38:26,264 INFO Initialized rank 14 out of 16
2024-09-10 09:38:26,264 INFO Initialized rank 8 out of 16
2024-09-10 09:38:26,264 INFO Initialized rank 1 out of 16
2024-09-10 09:38:26,265 INFO Initialized rank 7 out of 16
2024-09-10 09:38:26,265 INFO Initialized rank 13 out of 16
2024-09-10 09:38:26,265 INFO Initialized rank 9 out of 16
2024-09-10 09:38:26,265 INFO Initialized rank 2 out of 16
2024-09-10 09:38:26,265 INFO Initialized rank 10 out of 16
2024-09-10 09:38:26,265 INFO Initialized rank 3 out of 16
Traceback (most recent call last):
  File "/global/u1/b/bchan728/BandwidthTest/reverseCheck.py", line 140, in <module>
Traceback (most recent call last):
  File "/global/u1/b/bchan728/BandwidthTest/reverseCheck.py", line 140, in <module>
Traceback (most recent call last):
  File "/global/u1/b/bchan728/BandwidthTest/reverseCheck.py", line 140, in <module>
Traceback (most recent call last):
  File "/global/u1/b/bchan728/BandwidthTest/reverseCheck.py", line 140, in <module>
Traceback (most recent call last):
  File "/global/u1/b/bchan728/BandwidthTest/reverseCheck.py", line 140, in <module>
Traceback (most recent call last):
  File "/global/u1/b/bchan728/BandwidthTest/reverseCheck.py", line 140, in <module>
Traceback (most recent call last):
  File "/global/u1/b/bchan728/BandwidthTest/reverseCheck.py", line 140, in <module>
Traceback (most recent call last):
  File "/global/u1/b/bchan728/BandwidthTest/reverseCheck.py", line 140, in <module>
Traceback (most recent call last):
  File "/global/u1/b/bchan728/BandwidthTest/reverseCheck.py", line 140, in <module>
Traceback (most recent call last):
  File "/global/u1/b/bchan728/BandwidthTest/reverseCheck.py", line 140, in <module>
Traceback (most recent call last):
  File "/global/u1/b/bchan728/BandwidthTest/reverseCheck.py", line 140, in <module>
Traceback (most recent call last):
  File "/global/u1/b/bchan728/BandwidthTest/reverseCheck.py", line 140, in <module>
Traceback (most recent call last):
  File "/global/u1/b/bchan728/BandwidthTest/reverseCheck.py", line 140, in <module>
Traceback (most recent call last):
  File "/global/u1/b/bchan728/BandwidthTest/reverseCheck.py", line 140, in <module>
Traceback (most recent call last):
  File "/global/u1/b/bchan728/BandwidthTest/reverseCheck.py", line 140, in <module>
Traceback (most recent call last):
  File "/global/u1/b/bchan728/BandwidthTest/reverseCheck.py", line 140, in <module>
    main()
  File "/global/u1/b/bchan728/BandwidthTest/reverseCheck.py", line 134, in main
    main()
  File "/global/u1/b/bchan728/BandwidthTest/reverseCheck.py", line 134, in main
    main()
  File "/global/u1/b/bchan728/BandwidthTest/reverseCheck.py", line 134, in main
    main()
  File "/global/u1/b/bchan728/BandwidthTest/reverseCheck.py", line 134, in main
    main()
  File "/global/u1/b/bchan728/BandwidthTest/reverseCheck.py", line 134, in main
    main()
  File "/global/u1/b/bchan728/BandwidthTest/reverseCheck.py", line 134, in main
    main()
  File "/global/u1/b/bchan728/BandwidthTest/reverseCheck.py", line 134, in main
    main()
  File "/global/u1/b/bchan728/BandwidthTest/reverseCheck.py", line 134, in main
    main()
  File "/global/u1/b/bchan728/BandwidthTest/reverseCheck.py", line 134, in main
    main()
  File "/global/u1/b/bchan728/BandwidthTest/reverseCheck.py", line 134, in main
    main()
  File "/global/u1/b/bchan728/BandwidthTest/reverseCheck.py", line 134, in main
    main()
  File "/global/u1/b/bchan728/BandwidthTest/reverseCheck.py", line 134, in main
    main()
  File "/global/u1/b/bchan728/BandwidthTest/reverseCheck.py", line 134, in main
    main()
  File "/global/u1/b/bchan728/BandwidthTest/reverseCheck.py", line 134, in main
    main()
  File "/global/u1/b/bchan728/BandwidthTest/reverseCheck.py", line 134, in main
    run(n_ranks, rank)
  File "/global/u1/b/bchan728/BandwidthTest/reverseCheck.py", line 20, in run
    run(n_ranks, rank)
  File "/global/u1/b/bchan728/BandwidthTest/reverseCheck.py", line 20, in run
    run(n_ranks, rank)
  File "/global/u1/b/bchan728/BandwidthTest/reverseCheck.py", line 20, in run
    run(n_ranks, rank)
  File "/global/u1/b/bchan728/BandwidthTest/reverseCheck.py", line 20, in run
    run(n_ranks, rank)
  File "/global/u1/b/bchan728/BandwidthTest/reverseCheck.py", line 20, in run
    run(n_ranks, rank)
  File "/global/u1/b/bchan728/BandwidthTest/reverseCheck.py", line 20, in run
    run(n_ranks, rank)
  File "/global/u1/b/bchan728/BandwidthTest/reverseCheck.py", line 20, in run
    run(n_ranks, rank)
  File "/global/u1/b/bchan728/BandwidthTest/reverseCheck.py", line 20, in run
    run(n_ranks, rank)
  File "/global/u1/b/bchan728/BandwidthTest/reverseCheck.py", line 20, in run
    run(n_ranks, rank)
  File "/global/u1/b/bchan728/BandwidthTest/reverseCheck.py", line 20, in run
    run(n_ranks, rank)
  File "/global/u1/b/bchan728/BandwidthTest/reverseCheck.py", line 20, in run
    run(n_ranks, rank)
  File "/global/u1/b/bchan728/BandwidthTest/reverseCheck.py", line 20, in run
    run(n_ranks, rank)
  File "/global/u1/b/bchan728/BandwidthTest/reverseCheck.py", line 20, in run
    main()
  File "/global/u1/b/bchan728/BandwidthTest/reverseCheck.py", line 134, in main
    run(n_ranks, rank)
  File "/global/u1/b/bchan728/BandwidthTest/reverseCheck.py", line 20, in run
    for i in range(world_size-1,rank, step=-1):
TypeError: range() takes no keyword arguments
    for i in range(world_size-1,rank, step=-1):
TypeError: range() takes no keyword arguments
    for i in range(world_size-1,rank, step=-1):
TypeError: range() takes no keyword arguments
    run(n_ranks, rank)
  File "/global/u1/b/bchan728/BandwidthTest/reverseCheck.py", line 20, in run
    for i in range(world_size-1,rank, step=-1):
TypeError: range() takes no keyword arguments
    for i in range(world_size-1,rank, step=-1):
TypeError: range() takes no keyword arguments
    for i in range(world_size-1,rank, step=-1):
TypeError: range() takes no keyword arguments
    for i in range(world_size-1,rank, step=-1):
TypeError: range() takes no keyword arguments
    for i in range(world_size-1,rank, step=-1):
TypeError: range() takes no keyword arguments
    for i in range(world_size-1,rank, step=-1):
TypeError: range() takes no keyword arguments
    for i in range(world_size-1,rank, step=-1):
TypeError: range() takes no keyword arguments
    for i in range(world_size-1,rank, step=-1):
TypeError: range() takes no keyword arguments
    for i in range(world_size-1,rank, step=-1):
TypeError: range() takes no keyword arguments
    run(n_ranks, rank)
  File "/global/u1/b/bchan728/BandwidthTest/reverseCheck.py", line 20, in run
    for i in range(world_size-1,rank, step=-1):
TypeError: range() takes no keyword arguments
    for i in range(world_size-1,rank, step=-1):
TypeError: range() takes no keyword arguments
    for i in range(world_size-1,rank, step=-1):
TypeError: range() takes no keyword arguments
    for i in range(world_size-1,rank, step=-1):
TypeError: range() takes no keyword arguments
srun: error: nid002649: task 3: Exited with exit code 1
srun: Terminating StepId=30349417.0
srun: error: nid002941: task 11: Exited with exit code 1
srun: error: nid002916: tasks 6-7: Exited with exit code 1
srun: error: nid003060: task 15: Exited with exit code 1
srun: error: nid002916: tasks 4-5: Exited with exit code 1
srun: error: nid002649: tasks 0-2: Exited with exit code 1
srun: error: nid002941: tasks 8-10: Exited with exit code 1
srun: error: nid003060: tasks 12-14: Exited with exit code 1
BREAK
